<?xml version="1.0" encoding="UTF-8"?>
<!-- Generated by org.testng.reporters.JUnitReportReporter -->
<testsuite skipped="0" hostname="SQA-1960" name="tests.CaseTests" tests="4" failures="0" timestamp="20 dic 2018 19:08:13 GMT" time="12.252" errors="0">
  <testcase name="loginBootstrap" time="6.887" classname="tests.CaseTests"/>
  <testcase name="menuBootstrap" time="1.132" classname="tests.CaseTests"/>
  <testcase name="registroSistema" time="4.232" classname="tests.CaseTests"/>
  <testcase name="pruebaPosicion" time="0.001" classname="tests.CaseTests"/>
</testsuite> <!-- tests.CaseTests -->
